SF:lib\pages\home.dart
DA:8,2
DA:10,0
DA:11,0
DA:13,0
DA:14,0
DA:16,0
DA:17,0
DA:18,0
DA:19,0
DA:21,0
DA:24,0
DA:25,0
DA:26,0
DA:27,0
DA:28,0
DA:29,0
DA:30,0
DA:31,0
DA:32,0
DA:33,0
DA:34,0
DA:35,0
DA:36,0
DA:51,0
DA:52,0
DA:53,0
DA:56,0
DA:57,0
DA:58,0
DA:59,0
DA:61,0
DA:62,0
DA:77,0
DA:78,0
DA:79,0
DA:80,0
DA:81,0
DA:87,2
DA:89,4
DA:91,2
DA:92,2
DA:96,2
DA:97,1
DA:98,1
DA:110,1
DA:111,1
DA:112,1
DA:113,1
DA:114,1
DA:115,3
DA:116,1
DA:117,3
DA:118,0
DA:119,0
DA:121,1
DA:122,0
DA:123,0
DA:125,1
DA:133,2
DA:134,0
DA:135,0
DA:137,0
LF:62
LH:19
end_of_record
SF:lib\models\vistoria_model.dart
DA:8,4
DA:10,8
DA:12,2
DA:13,6
DA:14,2
DA:17,2
DA:18,4
DA:19,2
DA:22,1
DA:23,2
DA:24,1
DA:27,1
DA:28,2
DA:29,1
LF:14
LH:14
end_of_record
SF:lib\services\vistoria_service.dart
DA:11,0
DA:13,0
DA:15,0
DA:16,0
DA:17,0
DA:18,0
DA:20,0
DA:23,0
DA:25,0
DA:28,0
DA:30,0
DA:33,0
DA:35,0
LF:13
LH:0
end_of_record
SF:lib\pages\vistoria_form.dart
DA:14,2
DA:16,1
DA:17,1
DA:33,1
DA:35,1
DA:36,2
DA:37,0
DA:38,0
DA:39,0
DA:40,0
DA:41,0
DA:42,0
DA:43,0
DA:44,0
DA:45,0
DA:49,1
DA:53,1
DA:55,0
DA:59,0
DA:60,0
DA:61,0
DA:62,0
DA:67,0
DA:71,0
DA:73,0
DA:74,0
DA:75,0
DA:78,1
DA:80,1
DA:81,1
DA:82,3
DA:85,1
DA:86,1
DA:90,4
DA:92,1
DA:93,1
DA:94,1
DA:96,1
DA:97,1
DA:98,1
DA:99,2
DA:105,1
DA:106,1
DA:109,2
DA:110,1
DA:111,1
DA:115,1
DA:116,2
DA:119,3
DA:120,1
DA:121,1
DA:125,1
DA:126,2
DA:129,3
DA:130,1
DA:131,1
DA:135,1
DA:136,1
DA:138,1
DA:139,1
DA:140,0
DA:141,0
DA:142,0
DA:150,1
DA:151,1
DA:152,1
DA:159,0
DA:160,0
DA:161,0
DA:165,1
DA:167,1
DA:168,1
DA:170,2
DA:173,1
DA:175,1
DA:177,1
DA:178,3
DA:179,1
DA:180,1
DA:181,1
DA:182,0
DA:183,0
DA:190,1
DA:192,1
DA:193,1
DA:194,1
DA:195,3
DA:196,2
DA:197,0
DA:198,2
DA:199,3
DA:202,3
DA:203,1
DA:204,1
DA:207,1
DA:208,1
DA:209,1
DA:210,1
DA:211,1
DA:212,1
DA:213,1
DA:215,1
DA:216,1
DA:220,1
DA:222,2
DA:223,0
DA:225,1
DA:228,1
DA:231,1
LF:109
LH:80
end_of_record
